<?xml version="1.0" encoding="UTF-8"?>
<!-- Generated by org.testng.reporters.JUnitXMLReporter -->
<testsuite ignored="0" hostname="DESKTOP-IBR7410" failures="0" tests="3" name="Functional" time="14.779" errors="0" timestamp="2023-05-09T14:36:46 IST">
  <testcase classname="org.example.launchbrowser" name="chrome" time="4.134"/>
  <testcase classname="org.example.mozillalauncher" name="mozilla" time="4.785"/>
  <testcase classname="org.example.Edgelauncher" name="edge" time="5.785"/>
</testsuite> <!-- Functional -->
