<?xml version="1.0" encoding="UTF-8"?>
<testng-results ignored="3" total="6" passed="3" failed="0" skipped="0">
  <reporter-output>
  </reporter-output>
  <suite started-at="2023-05-10T09:56:42 IST" name="manipal testng suite" finished-at="2023-05-10T09:56:42 IST" duration-ms="82">
    <groups>
      <group name="sanity">
        <method signature="group.testcase1()[pri:0, instance:org.example.group@2cbb3d47]" name="testcase1" class="org.example.group"/>
        <method signature="group.testcase2()[pri:0, instance:org.example.group@2cbb3d47]" name="testcase2" class="org.example.group"/>
        <method signature="group.testcase3()[pri:0, instance:org.example.group@2cbb3d47]" name="testcase3" class="org.example.group"/>
      </group> <!-- sanity -->
    </groups>
    <test started-at="2023-05-10T09:56:42 IST" name="Functional testing" finished-at="2023-05-10T09:56:42 IST" duration-ms="82">
      <class name="org.example.group">
        <test-method signature="testcase1()[pri:0, instance:org.example.group@2cbb3d47]" started-at="2023-05-10T09:56:42 IST" name="testcase1" finished-at="2023-05-10T09:56:42 IST" duration-ms="10" status="PASS">
          <reporter-output>
          </reporter-output>
        </test-method> <!-- testcase1 -->
        <test-method signature="testcase2()[pri:0, instance:org.example.group@2cbb3d47]" started-at="2023-05-10T09:56:42 IST" name="testcase2" finished-at="2023-05-10T09:56:42 IST" duration-ms="0" status="PASS">
          <reporter-output>
          </reporter-output>
        </test-method> <!-- testcase2 -->
        <test-method signature="testcase3()[pri:0, instance:org.example.group@2cbb3d47]" started-at="2023-05-10T09:56:42 IST" name="testcase3" finished-at="2023-05-10T09:56:42 IST" duration-ms="1" status="PASS">
          <reporter-output>
          </reporter-output>
        </test-method> <!-- testcase3 -->
      </class> <!-- org.example.group -->
    </test> <!-- Functional testing -->
  </suite> <!-- manipal testng suite -->
</testng-results>
