<?xml version="1.0" encoding="UTF-8"?>
<!-- Generated by org.testng.reporters.JUnitXMLReporter -->
<testsuite ignored="0" hostname="DESKTOP-IBR7410" failures="0" tests="3" name="Functional  testing" time="16.29" errors="0" timestamp="2023-05-10T09:44:31 IST">
  <testcase classname="org.example.launchbrowser" name="chrome" time="3.771"/>
  <testcase classname="org.example.Edgelauncher" name="edge" time="6.195"/>
  <testcase classname="org.example.mozillalauncher" name="mozilla" time="6.242"/>
</testsuite> <!-- Functional  testing -->
